# JRE version: Java(TM) SE Runtime Environment (8.0_211-b12) (build 1.8.0_211-b12)
# Java VM: Java HotSpot(TM) 64-Bit Server VM (25.211-b12 mixed mode windows-amd64 compressed oops)
Heap:
 PSYoungGen      total 943616K, used 517276K [0x000000076b700000, 0x00000007a5480000, 0x00000007c0000000)
  eden space 940032K, 54% used [0x000000076b700000,0x000000078acaac60,0x00000007a4d00000)
  from space 3584K, 99% used [0x00000007a4d00000,0x00000007a507c678,0x00000007a5080000)
  to   space 3584K, 0% used [0x00000007a5080000,0x00000007a5080000,0x00000007a5400000)
 ParOldGen       total 150016K, used 99780K [0x00000006c2400000, 0x00000006cb680000, 0x000000076b700000)
  object space 150016K, 66% used [0x00000006c2400000,0x00000006c8571378,0x00000006cb680000)
 Metaspace       used 24585K, capacity 26116K, committed 26288K, reserved 1073152K
  class space    used 3121K, capacity 3431K, committed 3504K, reserved 1048576K
GC Heap History (10 events):
Event: 21.327 GC heap before
{Heap before GC invocations=168 (full 3):
 PSYoungGen      total 928768K, used 928684K [0x000000076b700000, 0x00000007a5280000, 0x00000007c0000000)
  eden space 926208K, 100% used [0x000000076b700000,0x00000007a3f80000,0x00000007a3f80000)
  from space 2560K, 96% used [0x00000007a4280000,0x00000007a44eb060,0x00000007a4500000)
  to   space 3072K, 0% used [0x00000007a3f80000,0x00000007a3f80000,0x00000007a4280000)
 ParOldGen       total 150016K, used 98035K [0x00000006c2400000, 0x00000006cb680000, 0x000000076b700000)
  object space 150016K, 65% used [0x00000006c2400000,0x00000006c83bcfd8,0x00000006cb680000)
 Metaspace       used 24581K, capacity 26116K, committed 26288K, reserved 1073152K
  class space    used 3121K, capacity 3431K, committed 3504K, reserved 1048576K
Event: 21.330 GC heap after
Heap after GC invocations=168 (full 3):
 PSYoungGen      total 929280K, used 3057K [0x000000076b700000, 0x00000007a5400000, 0x00000007c0000000)
  eden space 926208K, 0% used [0x000000076b700000,0x000000076b700000,0x00000007a3f80000)
  from space 3072K, 99% used [0x00000007a3f80000,0x00000007a427c520,0x00000007a4280000)
  to   space 3584K, 0% used [0x00000007a5080000,0x00000007a5080000,0x00000007a5400000)
 ParOldGen       total 150016K, used 98321K [0x00000006c2400000, 0x00000006cb680000, 0x000000076b700000)
  object space 150016K, 65% used [0x00000006c2400000,0x00000006c8404458,0x00000006cb680000)
 Metaspace       used 24581K, capacity 26116K, committed 26288K, reserved 1073152K
  class space    used 3121K, capacity 3431K, committed 3504K, reserved 1048576K
}
Event: 21.437 GC heap before
{Heap before GC invocations=169 (full 3):
 PSYoungGen      total 929280K, used 929265K [0x000000076b700000, 0x00000007a5400000, 0x00000007c0000000)
  eden space 926208K, 100% used [0x000000076b700000,0x00000007a3f80000,0x00000007a3f80000)
  from space 3072K, 99% used [0x00000007a3f80000,0x00000007a427c520,0x00000007a4280000)
  to   space 3584K, 0% used [0x00000007a5080000,0x00000007a5080000,0x00000007a5400000)
 ParOldGen       total 150016K, used 98321K [0x00000006c2400000, 0x00000006cb680000, 0x000000076b700000)
  object space 150016K, 65% used [0x00000006c2400000,0x00000006c8404458,0x00000006cb680000)
 Metaspace       used 24585K, capacity 26116K, committed 26288K, reserved 1073152K
  class space    used 3121K, capacity 3431K, committed 3504K, reserved 1048576K
Event: 21.439 GC heap after
Heap after GC invocations=169 (full 3):
 PSYoungGen      total 943616K, used 3450K [0x000000076b700000, 0x00000007a5480000, 0x00000007c0000000)
  eden space 940032K, 0% used [0x000000076b700000,0x000000076b700000,0x00000007a4d00000)
  from space 3584K, 96% used [0x00000007a5080000,0x00000007a53debd0,0x00000007a5400000)
  to   space 3584K, 0% used [0x00000007a4d00000,0x00000007a4d00000,0x00000007a5080000)
 ParOldGen       total 150016K, used 99265K [0x00000006c2400000, 0x00000006cb680000, 0x000000076b700000)
  object space 150016K, 66% used [0x00000006c2400000,0x00000006c84f0458,0x00000006cb680000)
 Metaspace       used 24585K, capacity 26116K, committed 26288K, reserved 1073152K
  class space    used 3121K, capacity 3431K, committed 3504K, reserved 1048576K
}
Event: 21.545 GC heap before
{Heap before GC invocations=170 (full 3):
 PSYoungGen      total 943616K, used 943482K [0x000000076b700000, 0x00000007a5480000, 0x00000007c0000000)
  eden space 940032K, 100% used [0x000000076b700000,0x00000007a4d00000,0x00000007a4d00000)
  from space 3584K, 96% used [0x00000007a5080000,0x00000007a53debd0,0x00000007a5400000)
  to   space 3584K, 0% used [0x00000007a4d00000,0x00000007a4d00000,0x00000007a5080000)
 ParOldGen       total 150016K, used 99265K [0x00000006c2400000, 0x00000006cb680000, 0x000000076b700000)
  object space 150016K, 66% used [0x00000006c2400000,0x00000006c84f0458,0x00000006cb680000)
 Metaspace       used 24585K, capacity 26116K, committed 26288K, reserved 1073152K
  class space    used 3121K, capacity 3431K, committed 3504K, reserved 1048576K
Event: 21.548 GC heap after
Heap after GC invocations=170 (full 3):
 PSYoungGen      total 943616K, used 3491K [0x000000076b700000, 0x00000007a5480000, 0x00000007c0000000)
  eden space 940032K, 0% used [0x000000076b700000,0x000000076b700000,0x00000007a4d00000)
  from space 3584K, 97% used [0x00000007a4d00000,0x00000007a5068ea0,0x00000007a5080000)
  to   space 3584K, 0% used [0x00000007a5080000,0x00000007a5080000,0x00000007a5400000)
 ParOldGen       total 150016K, used 99273K [0x00000006c2400000, 0x00000006cb680000, 0x000000076b700000)
  object space 150016K, 66% used [0x00000006c2400000,0x00000006c84f2458,0x00000006cb680000)
 Metaspace       used 24585K, capacity 26116K, committed 26288K, reserved 1073152K
  class space    used 3121K, capacity 3431K, committed 3504K, reserved 1048576K
}
Event: 21.655 GC heap before
{Heap before GC invocations=171 (full 3):
 PSYoungGen      total 943616K, used 943421K [0x000000076b700000, 0x00000007a5480000, 0x00000007c0000000)
  eden space 940032K, 99% used [0x000000076b700000,0x00000007a4ce6908,0x00000007a4d00000)
  from space 3584K, 97% used [0x00000007a4d00000,0x00000007a5068ea0,0x00000007a5080000)
  to   space 3584K, 0% used [0x00000007a5080000,0x00000007a5080000,0x00000007a5400000)
 ParOldGen       total 150016K, used 99273K [0x00000006c2400000, 0x00000006cb680000, 0x000000076b700000)
  object space 150016K, 66% used [0x00000006c2400000,0x00000006c84f2458,0x00000006cb680000)
 Metaspace       used 24585K, capacity 26116K, committed 26288K, reserved 1073152K
  class space    used 3121K, capacity 3431K, committed 3504K, reserved 1048576K
Event: 21.657 GC heap after
Heap after GC invocations=171 (full 3):
 PSYoungGen      total 943616K, used 3372K [0x000000076b700000, 0x00000007a5480000, 0x00000007c0000000)
  eden space 940032K, 0% used [0x000000076b700000,0x000000076b700000,0x00000007a4d00000)
  from space 3584K, 94% used [0x00000007a5080000,0x00000007a53cb1e0,0x00000007a5400000)
  to   space 3584K, 0% used [0x00000007a4d00000,0x00000007a4d00000,0x00000007a5080000)
 ParOldGen       total 150016K, used 99273K [0x00000006c2400000, 0x00000006cb680000, 0x000000076b700000)
  object space 150016K, 66% used [0x00000006c2400000,0x00000006c84f2458,0x00000006cb680000)
 Metaspace       used 24585K, capacity 26116K, committed 26288K, reserved 1073152K
  class space    used 3121K, capacity 3431K, committed 3504K, reserved 1048576K
}
Event: 21.766 GC heap before
{Heap before GC invocations=172 (full 3):
 PSYoungGen      total 943616K, used 943404K [0x000000076b700000, 0x00000007a5480000, 0x00000007c0000000)
  eden space 940032K, 100% used [0x000000076b700000,0x00000007a4d00000,0x00000007a4d00000)
  from space 3584K, 94% used [0x00000007a5080000,0x00000007a53cb1e0,0x00000007a5400000)
  to   space 3584K, 0% used [0x00000007a4d00000,0x00000007a4d00000,0x00000007a5080000)
 ParOldGen       total 150016K, used 99273K [0x00000006c2400000, 0x00000006cb680000, 0x000000076b700000)
  object space 150016K, 66% used [0x00000006c2400000,0x00000006c84f2458,0x00000006cb680000)
 Metaspace       used 24585K, capacity 26116K, committed 26288K, reserved 1073152K
  class space    used 3121K, capacity 3431K, committed 3504K, reserved 1048576K
Event: 21.769 GC heap after
Heap after GC invocations=172 (full 3):
 PSYoungGen      total 943616K, used 3569K [0x000000076b700000, 0x00000007a5480000, 0x00000007c0000000)
  eden space 940032K, 0% used [0x000000076b700000,0x000000076b700000,0x00000007a4d00000)
  from space 3584K, 99% used [0x00000007a4d00000,0x00000007a507c678,0x00000007a5080000)
  to   space 3584K, 0% used [0x00000007a5080000,0x00000007a5080000,0x00000007a5400000)
 ParOldGen       total 150016K, used 99780K [0x00000006c2400000, 0x00000006cb680000, 0x000000076b700000)
  object space 150016K, 66% used [0x00000006c2400000,0x00000006c8571378,0x00000006cb680000)
 Metaspace       used 24585K, capacity 26116K, committed 26288K, reserved 1073152K
  class space    used 3121K, capacity 3431K, committed 3504K, reserved 1048576K
}

